<?xml version="1.0" encoding="UTF-8"?>
<testsuite xmlns:xsi="http://www.w3.org/2001/XMLSchema-instance" xsi:noNamespaceSchemaLocation="https://maven.apache.org/surefire/maven-surefire-plugin/xsd/surefire-test-report-3.0.xsd" version="3.0" name="com.microservice.gatewayserver.GatewayserverApplicationTests" time="6.473" tests="1" errors="0" skipped="0" failures="0">
  <properties>
[...]
</properties>
  <testcase name="contextLoads" classname="com.microservice.gatewayserver.GatewayserverApplicationTests" time="0.983">
    <system-out><![CDATA[16:18:40.549 [main] INFO org.springframework.test.context.support.AnnotationConfigContextLoaderUtils -- Could not detect default configuration classes for test class [com.microservice.gatewayserver.GatewayserverApplicationTests]: GatewayserverApplicationTests does not declare any static, non-private, non-final, nested classes annotated with @Configuration.
16:18:40.664 [main] INFO org.springframework.boot.test.context.SpringBootTestContextBootstrapper -- Found @SpringBootConfiguration com.microservice.gatewayserver.GatewayserverApplication for test class com.microservice.gatewayserver.GatewayserverApplicationTests
16:18:40.869 [main] INFO org.springframework.boot.devtools.restart.RestartApplicationListener -- Restart disabled due to context in which it is running

  .   ____          _            __ _ _
 /\\ / ___'_ __ _ _(_)_ __  __ _ \ \ \ \
( ( )\___ | '_ | '_| | '_ \/ _` | \ \ \ \
 \\/  ___)| |_)| | | | | || (_| |  ) ) ) )
  '  |____| .__|_| |_|_| |_\__, | / / / /
 =========|_|==============|___/=/_/_/_/

 :: Spring Boot ::                (v3.3.5)

2024-10-28T16:18:41.851+05:30  INFO 12856 --- [gatewayserver] [           main] c.m.g.GatewayserverApplicationTests      : Starting GatewayserverApplicationTests using Java 22.0.2 with PID 12856 (started by ACENTURA in D:\Office\Udemy\assignment\gatewayserver)
2024-10-28T16:18:41.853+05:30  INFO 12856 --- [gatewayserver] [           main] c.m.g.GatewayserverApplicationTests      : No active profile set, falling back to 1 default profile: "default"
2024-10-28T16:18:41.901+05:30  INFO 12856 --- [gatewayserver] [           main] o.s.c.c.c.ConfigServerConfigDataLoader   : Fetching config from server at : http:/localhost:8071/
2024-10-28T16:18:41.902+05:30  WARN 12856 --- [gatewayserver] [           main] o.s.c.c.c.ConfigServerConfigDataLoader   : Could not locate PropertySource ([ConfigServerConfigDataResource@7a231dfd uris = array<String>['http:/localhost:8071/'], optional = true, profiles = 'default']): [http:/localhost:8071//{name}/{profile}] is not a valid HTTP URL
2024-10-28T16:18:41.902+05:30  INFO 12856 --- [gatewayserver] [           main] o.s.c.c.c.ConfigServerConfigDataLoader   : Fetching config from server at : http:/localhost:8071/
2024-10-28T16:18:41.902+05:30  WARN 12856 --- [gatewayserver] [           main] o.s.c.c.c.ConfigServerConfigDataLoader   : Could not locate PropertySource ([ConfigServerConfigDataResource@3cee53dc uris = array<String>['http:/localhost:8071/'], optional = true, profiles = 'default']): [http:/localhost:8071//{name}/{profile}] is not a valid HTTP URL
2024-10-28T16:18:41.902+05:30  INFO 12856 --- [gatewayserver] [           main] o.s.c.c.c.ConfigServerConfigDataLoader   : Fetching config from server at : http:/localhost:8071/
2024-10-28T16:18:41.902+05:30  WARN 12856 --- [gatewayserver] [           main] o.s.c.c.c.ConfigServerConfigDataLoader   : Could not locate PropertySource ([ConfigServerConfigDataResource@290aeb20 uris = array<String>['http:/localhost:8071/'], optional = true, profiles = 'default']): [http:/localhost:8071//{name}/{profile}] is not a valid HTTP URL
2024-10-28T16:18:43.278+05:30  INFO 12856 --- [gatewayserver] [           main] o.s.cloud.context.scope.GenericScope     : BeanFactory id=64020e7e-831a-357b-96e4-83c48ad20375
2024-10-28T16:18:43.417+05:30  WARN 12856 --- [gatewayserver] [           main] trationDelegate$BeanPostProcessorChecker : Bean 'org.springframework.cloud.client.loadbalancer.LoadBalancerAutoConfiguration$DeferringLoadBalancerInterceptorConfig' of type [org.springframework.cloud.client.loadbalancer.LoadBalancerAutoConfiguration$DeferringLoadBalancerInterceptorConfig] is not eligible for getting processed by all BeanPostProcessors (for example: not eligible for auto-proxying). The currently created BeanPostProcessor [lbRestClientPostProcessor] is declared through a non-static factory method on that class; consider declaring it as static instead.
2024-10-28T16:18:43.420+05:30  WARN 12856 --- [gatewayserver] [           main] trationDelegate$BeanPostProcessorChecker : Bean 'deferringLoadBalancerInterceptor' of type [org.springframework.cloud.client.loadbalancer.DeferringLoadBalancerInterceptor] is not eligible for getting processed by all BeanPostProcessors (for example: not eligible for auto-proxying). Is this bean getting eagerly injected/applied to a currently created BeanPostProcessor [lbRestClientPostProcessor]? Check the corresponding BeanPostProcessor declaration and its dependencies/advisors. If this bean does not have to be post-processed, declare it with ROLE_INFRASTRUCTURE.
2024-10-28T16:18:44.852+05:30  INFO 12856 --- [gatewayserver] [           main] DiscoveryClientOptionalArgsConfiguration : Eureka HTTP Client uses RestTemplate.
2024-10-28T16:18:45.044+05:30  WARN 12856 --- [gatewayserver] [           main] iguration$LoadBalancerCaffeineWarnLogger : Spring Cloud LoadBalancer is currently working with the default cache. While this cache implementation is useful for development and tests, it's recommended to use Caffeine cache in production.You can switch to using Caffeine cache, by adding it and org.springframework.cache.caffeine.CaffeineCacheManager to the classpath.
2024-10-28T16:18:45.058+05:30  INFO 12856 --- [gatewayserver] [           main] o.s.b.a.e.web.EndpointLinksResolver      : Exposing 17 endpoints beneath base path '/actuator'
2024-10-28T16:18:45.141+05:30  INFO 12856 --- [gatewayserver] [           main] o.s.c.n.eureka.InstanceInfoFactory       : Setting initial instance status as: STARTING
2024-10-28T16:18:45.177+05:30  INFO 12856 --- [gatewayserver] [           main] com.netflix.discovery.DiscoveryClient    : Initializing Eureka in region us-east-1
2024-10-28T16:18:45.184+05:30  INFO 12856 --- [gatewayserver] [           main] c.n.d.s.r.aws.ConfigClusterResolver      : Resolving eureka endpoints via configuration
2024-10-28T16:18:45.197+05:30  INFO 12856 --- [gatewayserver] [           main] com.netflix.discovery.DiscoveryClient    : Disable delta property : false
2024-10-28T16:18:45.197+05:30  INFO 12856 --- [gatewayserver] [           main] com.netflix.discovery.DiscoveryClient    : Single vip registry refresh property : null
2024-10-28T16:18:45.197+05:30  INFO 12856 --- [gatewayserver] [           main] com.netflix.discovery.DiscoveryClient    : Force full registry fetch : false
2024-10-28T16:18:45.197+05:30  INFO 12856 --- [gatewayserver] [           main] com.netflix.discovery.DiscoveryClient    : Application is null : false
2024-10-28T16:18:45.197+05:30  INFO 12856 --- [gatewayserver] [           main] com.netflix.discovery.DiscoveryClient    : Registered Applications size is zero : true
2024-10-28T16:18:45.197+05:30  INFO 12856 --- [gatewayserver] [           main] com.netflix.discovery.DiscoveryClient    : Application version is -1: true
2024-10-28T16:18:45.197+05:30  INFO 12856 --- [gatewayserver] [           main] com.netflix.discovery.DiscoveryClient    : Getting all instance registry info from the eureka server
2024-10-28T16:18:45.574+05:30  INFO 12856 --- [gatewayserver] [           main] com.netflix.discovery.DiscoveryClient    : The response status is 200
2024-10-28T16:18:45.577+05:30  INFO 12856 --- [gatewayserver] [           main] com.netflix.discovery.DiscoveryClient    : Starting heartbeat executor: renew interval is: 30
2024-10-28T16:18:45.579+05:30  INFO 12856 --- [gatewayserver] [           main] c.n.discovery.InstanceInfoReplicator     : InstanceInfoReplicator onDemand update allowed rate per min is 4
2024-10-28T16:18:45.583+05:30  INFO 12856 --- [gatewayserver] [           main] com.netflix.discovery.DiscoveryClient    : Discovery Client initialized at timestamp 1730112525583 with initial instances count: 2
2024-10-28T16:18:45.588+05:30  INFO 12856 --- [gatewayserver] [           main] o.s.c.n.e.s.EurekaServiceRegistry        : Registering application GATEWAYSERVER with eureka with status UP
2024-10-28T16:18:45.590+05:30  INFO 12856 --- [gatewayserver] [           main] com.netflix.discovery.DiscoveryClient    : Saw local status change event StatusChangeEvent [timestamp=1730112525590, current=UP, previous=STARTING]
2024-10-28T16:18:45.594+05:30  INFO 12856 --- [gatewayserver] [foReplicator-%d] com.netflix.discovery.DiscoveryClient    : DiscoveryClient_GATEWAYSERVER/AD-181-H:gatewayserver:8072: registering service...
2024-10-28T16:18:45.614+05:30  INFO 12856 --- [gatewayserver] [           main] c.m.g.GatewayserverApplicationTests      : Started GatewayserverApplicationTests in 4.767 seconds (process running for 6.497)
2024-10-28T16:18:45.652+05:30  INFO 12856 --- [gatewayserver] [foReplicator-%d] com.netflix.discovery.DiscoveryClient    : DiscoveryClient_GATEWAYSERVER/AD-181-H:gatewayserver:8072 - registration status: 204
]]></system-out>
    <system-err><![CDATA[WARNING: A Java agent has been loaded dynamically (C:\Users\ACENTURA\.m2\repository\net\bytebuddy\byte-buddy-agent\1.14.19\byte-buddy-agent-1.14.19.jar)
WARNING: If a serviceability tool is in use, please run with -XX:+EnableDynamicAgentLoading to hide this warning
WARNING: If a serviceability tool is not in use, please run with -Djdk.instrument.traceUsage for more information
WARNING: Dynamic loading of agents will be disallowed by default in a future release
]]></system-err>
  </testcase>
</testsuite>